  main.c
..\main.c(56): warning C4305: '=': truncation from 'double' to 'float'
..\main.c(58): warning C4305: '=': truncation from 'double' to 'float'
..\main.c(59): warning C4305: '=': truncation from 'double' to 'float'
..\main.c(63): warning C4305: '=': truncation from 'double' to 'float'
..\main.c(64): warning C4305: '=': truncation from 'double' to 'float'
..\main.c(65): warning C4305: '=': truncation from 'double' to 'float'
..\main.c(68): warning C4305: '=': truncation from 'double' to 'float'
..\main.c(69): warning C4305: '=': truncation from 'double' to 'float'
..\main.c(70): warning C4305: '=': truncation from 'double' to 'float'
..\main.c(73): warning C4305: '=': truncation from 'double' to 'float'
..\main.c(74): warning C4305: '=': truncation from 'double' to 'float'
..\main.c(75): warning C4305: '=': truncation from 'double' to 'float'
..\main.c(76): warning C4305: '=': truncation from 'double' to 'float'
..\main.c(77): warning C4305: '=': truncation from 'double' to 'float'
..\main.c(81): warning C4305: '=': truncation from 'double' to 'float'
..\main.c(82): warning C4305: '=': truncation from 'double' to 'float'
..\main.c(83): warning C4305: '=': truncation from 'double' to 'float'
..\main.c(84): warning C4305: '=': truncation from 'double' to 'float'
..\main.c(85): warning C4305: '=': truncation from 'double' to 'float'
..\main.c(89): warning C4305: '=': truncation from 'double' to 'float'
..\main.c(90): warning C4305: '=': truncation from 'double' to 'float'
..\main.c(91): warning C4305: '=': truncation from 'double' to 'float'
..\main.c(92): warning C4305: '=': truncation from 'double' to 'float'
..\main.c(93): warning C4305: '=': truncation from 'double' to 'float'
..\main.c(94): warning C4305: '=': truncation from 'double' to 'float'
..\main.c(98): warning C4305: '=': truncation from 'double' to 'float'
..\main.c(99): warning C4305: '=': truncation from 'double' to 'float'
..\main.c(100): warning C4305: '=': truncation from 'double' to 'float'
..\main.c(101): warning C4305: '=': truncation from 'double' to 'float'
..\main.c(105): warning C4305: '=': truncation from 'double' to 'float'
..\main.c(106): warning C4305: '=': truncation from 'double' to 'float'
..\main.c(107): warning C4305: '=': truncation from 'double' to 'float'
..\main.c(108): warning C4305: '=': truncation from 'double' to 'float'
..\main.c(118): warning C4305: '=': truncation from 'double' to 'float'
..\main.c(119): warning C4305: '=': truncation from 'double' to 'float'
..\main.c(120): warning C4305: '=': truncation from 'double' to 'float'
..\main.c(121): warning C4305: '=': truncation from 'double' to 'float'
..\main.c(122): warning C4305: '=': truncation from 'double' to 'float'
..\main.c(123): warning C4305: '=': truncation from 'double' to 'float'
..\main.c(124): warning C4305: '=': truncation from 'double' to 'float'
..\main.c(134): warning C4098: 'main': 'void' function returning a value
..\main.c(145): warning C4028: formal parameter 9 different from declaration
..\main.c(189): warning C4244: 'initializing': conversion from 'double' to 'uint32_t', possible loss of data
..\main.c(260): warning C4244: '=': conversion from 'double' to 'int32_t', possible loss of data
..\main.c(336): warning C4244: 'function': conversion from 'float' to 'int', possible loss of data
..\main.c(332): warning C4244: 'initializing': conversion from 'double' to 'float', possible loss of data
..\main.c(336): warning C4244: 'initializing': conversion from 'double' to 'uint32_t', possible loss of data
..\main.c(414): warning C4244: 'function': conversion from 'float' to 'int', possible loss of data
..\main.c(411): warning C4244: 'initializing': conversion from 'double' to 'float', possible loss of data
..\main.c(414): warning C4244: 'initializing': conversion from 'double' to 'uint32_t', possible loss of data
..\main.c(485): warning C4244: 'function': conversion from 'float' to 'int', possible loss of data
..\main.c(476): warning C4244: 'initializing': conversion from 'double' to 'float', possible loss of data
..\main.c(479): warning C4244: 'initializing': conversion from 'double' to 'float', possible loss of data
..\main.c(482): warning C4244: 'initializing': conversion from 'double' to 'float', possible loss of data
..\main.c(485): warning C4244: 'initializing': conversion from 'double' to 'uint32_t', possible loss of data
..\main.c(563): warning C4244: 'function': conversion from 'float' to 'int', possible loss of data
..\main.c(563): warning C4244: 'initializing': conversion from 'double' to 'uint32_t', possible loss of data
..\main.c(667): warning C4244: '=': conversion from 'double' to 'float', possible loss of data
..\main.c(677): warning C4244: '=': conversion from 'double' to 'float', possible loss of data
..\main.c(684): warning C4244: 'function': conversion from 'float' to 'int', possible loss of data
..\main.c(642): warning C4244: 'initializing': conversion from 'double' to 'float', possible loss of data
..\main.c(652): warning C4244: 'initializing': conversion from 'double' to 'float', possible loss of data
..\main.c(684): warning C4244: 'initializing': conversion from 'double' to 'float', possible loss of data
..\main.c(735): warning C4013: 'exit' undefined; assuming extern returning int
  Generating code
  3 of 11 functions (27.3%) were compiled, the rest were copied from previous compilation.
    0 functions were new in current compilation
    0 functions had inline decision re-evaluated but remain unchanged
  Finished generating code
  Project1.vcxproj -> D:\01_Omar\04_proyectos_para_pruebas\02_Micrux\03_visual_studio\01_proyecto_para_tests\Project1\Release\Project1.exe
  Project1.vcxproj -> D:\01_Omar\04_proyectos_para_pruebas\02_Micrux\03_visual_studio\01_proyecto_para_tests\Project1\Release\Project1.pdb (Full PDB)
