  main.c
d:\01_omar\04_proyectos_para_pruebas\02_micrux\03_visual_studio\01_proyecto_para_tests\project1\main.c(43): warning C4305: '=': truncation from 'double' to 'float'
d:\01_omar\04_proyectos_para_pruebas\02_micrux\03_visual_studio\01_proyecto_para_tests\project1\main.c(44): warning C4305: '=': truncation from 'double' to 'float'
d:\01_omar\04_proyectos_para_pruebas\02_micrux\03_visual_studio\01_proyecto_para_tests\project1\main.c(45): warning C4305: '=': truncation from 'double' to 'float'
d:\01_omar\04_proyectos_para_pruebas\02_micrux\03_visual_studio\01_proyecto_para_tests\project1\main.c(46): warning C4305: '=': truncation from 'double' to 'float'
d:\01_omar\04_proyectos_para_pruebas\02_micrux\03_visual_studio\01_proyecto_para_tests\project1\main.c(50): warning C4305: '=': truncation from 'double' to 'float'
d:\01_omar\04_proyectos_para_pruebas\02_micrux\03_visual_studio\01_proyecto_para_tests\project1\main.c(51): warning C4305: '=': truncation from 'double' to 'float'
d:\01_omar\04_proyectos_para_pruebas\02_micrux\03_visual_studio\01_proyecto_para_tests\project1\main.c(52): warning C4305: '=': truncation from 'double' to 'float'
d:\01_omar\04_proyectos_para_pruebas\02_micrux\03_visual_studio\01_proyecto_para_tests\project1\main.c(55): warning C4305: '=': truncation from 'double' to 'float'
d:\01_omar\04_proyectos_para_pruebas\02_micrux\03_visual_studio\01_proyecto_para_tests\project1\main.c(56): warning C4305: '=': truncation from 'double' to 'float'
d:\01_omar\04_proyectos_para_pruebas\02_micrux\03_visual_studio\01_proyecto_para_tests\project1\main.c(57): warning C4305: '=': truncation from 'double' to 'float'
d:\01_omar\04_proyectos_para_pruebas\02_micrux\03_visual_studio\01_proyecto_para_tests\project1\main.c(60): warning C4305: '=': truncation from 'double' to 'float'
d:\01_omar\04_proyectos_para_pruebas\02_micrux\03_visual_studio\01_proyecto_para_tests\project1\main.c(62): warning C4305: '=': truncation from 'double' to 'float'
d:\01_omar\04_proyectos_para_pruebas\02_micrux\03_visual_studio\01_proyecto_para_tests\project1\main.c(63): warning C4305: '=': truncation from 'double' to 'float'
d:\01_omar\04_proyectos_para_pruebas\02_micrux\03_visual_studio\01_proyecto_para_tests\project1\main.c(64): warning C4305: '=': truncation from 'double' to 'float'
d:\01_omar\04_proyectos_para_pruebas\02_micrux\03_visual_studio\01_proyecto_para_tests\project1\main.c(68): warning C4305: '=': truncation from 'double' to 'float'
d:\01_omar\04_proyectos_para_pruebas\02_micrux\03_visual_studio\01_proyecto_para_tests\project1\main.c(69): warning C4305: '=': truncation from 'double' to 'float'
d:\01_omar\04_proyectos_para_pruebas\02_micrux\03_visual_studio\01_proyecto_para_tests\project1\main.c(70): warning C4305: '=': truncation from 'double' to 'float'
d:\01_omar\04_proyectos_para_pruebas\02_micrux\03_visual_studio\01_proyecto_para_tests\project1\main.c(71): warning C4305: '=': truncation from 'double' to 'float'
d:\01_omar\04_proyectos_para_pruebas\02_micrux\03_visual_studio\01_proyecto_para_tests\project1\main.c(85): warning C4098: 'main': 'void' function returning a value
d:\01_omar\04_proyectos_para_pruebas\02_micrux\03_visual_studio\01_proyecto_para_tests\project1\main.c(161): warning C4244: 'initializing': conversion from 'double' to 'uint32_t', possible loss of data
d:\01_omar\04_proyectos_para_pruebas\02_micrux\03_visual_studio\01_proyecto_para_tests\project1\main.c(231): warning C4244: '=': conversion from 'double' to 'int32_t', possible loss of data
d:\01_omar\04_proyectos_para_pruebas\02_micrux\03_visual_studio\01_proyecto_para_tests\project1\main.c(304): warning C4244: 'function': conversion from 'float' to 'int', possible loss of data
d:\01_omar\04_proyectos_para_pruebas\02_micrux\03_visual_studio\01_proyecto_para_tests\project1\main.c(300): warning C4244: 'initializing': conversion from 'double' to 'float', possible loss of data
d:\01_omar\04_proyectos_para_pruebas\02_micrux\03_visual_studio\01_proyecto_para_tests\project1\main.c(382): warning C4244: 'function': conversion from 'float' to 'int', possible loss of data
d:\01_omar\04_proyectos_para_pruebas\02_micrux\03_visual_studio\01_proyecto_para_tests\project1\main.c(379): warning C4244: 'initializing': conversion from 'double' to 'float', possible loss of data
d:\01_omar\04_proyectos_para_pruebas\02_micrux\03_visual_studio\01_proyecto_para_tests\project1\main.c(445): warning C4013: 'exit' undefined; assuming extern returning int
  Project1.vcxproj -> D:\01_Omar\04_proyectos_para_pruebas\02_Micrux\03_visual_studio\01_proyecto_para_tests\Project1\Debug\Project1.exe
  Project1.vcxproj -> D:\01_Omar\04_proyectos_para_pruebas\02_Micrux\03_visual_studio\01_proyecto_para_tests\Project1\Debug\Project1.pdb (Partial PDB)
